<?xml version="1.0" encoding="UTF-8"?>
<TestRun id="18a092a1-bca3-42b2-b4e5-e635f8cb0f6e" name="David@SHARPERTWO 2011-12-23 09:41:49" runUser="SHARPERTWO\David" xmlns="http://microsoft.com/schemas/VisualStudio/TeamTest/2010">
  <TestSettings name="Default Test Settings" id="9e980219-6dca-4822-8fba-858e1b831a16">
    <Deployment runDeploymentRoot="David_SHARPERTWO 2011-12-23 09_41_49">
      <DeploymentItem filename="C:\Users\David\Documents\Visual Studio 2010\Projects\WebManex\site\Resources\bin\Debug\Resources.dll" />
      <DeploymentItem filename="C:\Users\David\Documents\Visual Studio 2010\Projects\WebManex\site\BLL\bin\Debug\BLL.dll" />
      <DeploymentItem filename="C:\Users\David\Documents\Visual Studio 2010\Projects\WebManex\site\packages\EntityFramework.4.1.10331.0\lib\EntityFramework.dll" />
      <DeploymentItem filename="C:\Users\David\Documents\Visual Studio 2010\Projects\WebManex\site\site\bin\site.dll" />
    </Deployment>
    <Execution>
      <TestTypeSpecific />
      <AgentRule name="Execution Agents">
      </AgentRule>
    </Execution>
  </TestSettings>
  <Times creation="2011-12-23T09:41:49.5852072-07:00" queuing="2011-12-23T09:41:51.2443021-07:00" start="2011-12-23T09:41:51.3643090-07:00" finish="2011-12-23T09:42:50.7697068-07:00" />
  <ResultSummary outcome="Failed">
    <Counters total="3" executed="3" passed="2" error="0" failed="1" timeout="0" aborted="0" inconclusive="0" passedButRunAborted="0" notRunnable="0" notExecuted="0" disconnected="0" warning="0" completed="0" inProgress="0" pending="0" />
  </ResultSummary>
  <TestDefinitions>
    <UnitTest name="About" storage="c:\users\david\documents\visual studio 2010\projects\webmanex\site\site.tests\bin\debug\site.tests.dll" id="bd58a03e-d8a3-a13e-88c7-1d62e5098818">
      <Execution id="5ac9b893-88bb-47ab-b157-092a34742c17" />
      <TestMethod codeBase="C:/Users/David/Documents/Visual Studio 2010/Projects/WebManex/site/site.Tests/bin/Debug/site.Tests.DLL" adapterTypeName="Microsoft.VisualStudio.TestTools.TestTypes.Unit.UnitTestAdapter, Microsoft.VisualStudio.QualityTools.Tips.UnitTest.Adapter, Version=10.0.0.0, Culture=neutral, PublicKeyToken=b03f5f7f11d50a3a" className="site.Tests.Controllers.HomeControllerTest, site.Tests, Version=1.0.0.0, Culture=neutral, PublicKeyToken=null" name="About" />
    </UnitTest>
    <UnitTest name="Index" storage="c:\users\david\documents\visual studio 2010\projects\webmanex\site\site.tests\bin\debug\site.tests.dll" id="75e4b201-38e3-d776-f343-97acd5cceac3">
      <Execution id="3fbb0a4e-31da-45f2-9fa0-ca41d5e5402f" />
      <TestMethod codeBase="C:/Users/David/Documents/Visual Studio 2010/Projects/WebManex/site/site.Tests/bin/Debug/site.Tests.DLL" adapterTypeName="Microsoft.VisualStudio.TestTools.TestTypes.Unit.UnitTestAdapter, Microsoft.VisualStudio.QualityTools.Tips.UnitTest.Adapter, Version=10.0.0.0, Culture=neutral, PublicKeyToken=b03f5f7f11d50a3a" className="site.Tests.Controllers.HomeControllerTest, site.Tests, Version=1.0.0.0, Culture=neutral, PublicKeyToken=null" name="Index" />
    </UnitTest>
    <UnitTest name="GroupsModelConstructorTest" storage="c:\users\david\documents\visual studio 2010\projects\webmanex\site\site.tests\bin\debug\site.tests.dll" id="02030d3b-aee9-16cc-332f-94107464bd4c">
      <Execution id="6b0676ab-377e-4e69-8b7d-e6272ab071c9" />
      <TestMethod codeBase="C:/Users/David/Documents/Visual Studio 2010/Projects/WebManex/site/site.Tests/bin/Debug/site.Tests.DLL" adapterTypeName="Microsoft.VisualStudio.TestTools.TestTypes.Unit.UnitTestAdapter, Microsoft.VisualStudio.QualityTools.Tips.UnitTest.Adapter, Version=10.0.0.0, Culture=neutral, PublicKeyToken=b03f5f7f11d50a3a" className="site.Tests.GroupsModelTest, site.Tests, Version=1.0.0.0, Culture=neutral, PublicKeyToken=null" name="GroupsModelConstructorTest" />
    </UnitTest>
  </TestDefinitions>
  <TestLists>
    <TestList name="Results Not in a List" id="8c84fa94-04c1-424b-9868-57a2d4851a1d" />
    <TestList name="All Loaded Results" id="19431567-8539-422a-85d7-44ee4e166bda" />
  </TestLists>
  <TestEntries>
    <TestEntry testId="02030d3b-aee9-16cc-332f-94107464bd4c" executionId="6b0676ab-377e-4e69-8b7d-e6272ab071c9" testListId="8c84fa94-04c1-424b-9868-57a2d4851a1d" />
    <TestEntry testId="75e4b201-38e3-d776-f343-97acd5cceac3" executionId="3fbb0a4e-31da-45f2-9fa0-ca41d5e5402f" testListId="8c84fa94-04c1-424b-9868-57a2d4851a1d" />
    <TestEntry testId="bd58a03e-d8a3-a13e-88c7-1d62e5098818" executionId="5ac9b893-88bb-47ab-b157-092a34742c17" testListId="8c84fa94-04c1-424b-9868-57a2d4851a1d" />
  </TestEntries>
  <Results>
    <UnitTestResult executionId="6b0676ab-377e-4e69-8b7d-e6272ab071c9" testId="02030d3b-aee9-16cc-332f-94107464bd4c" testName="GroupsModelConstructorTest" computerName="SHARPERTWO" duration="00:00:58.1028744" startTime="2011-12-23T09:41:51.4753153-07:00" endTime="2011-12-23T09:42:50.6226984-07:00" testType="13cdc9d9-ddb5-4fa4-a97d-d965ccfc6d4b" outcome="Failed" testListId="8c84fa94-04c1-424b-9868-57a2d4851a1d" relativeResultsDirectory="6b0676ab-377e-4e69-8b7d-e6272ab071c9">
      <Output>
        <ErrorInfo>
          <Message>Test method site.Tests.GroupsModelTest.GroupsModelConstructorTest threw exception: 
System.FormatException: Unrecognized Guid format.</Message>
          <StackTrace>    at System.Guid.GuidResult.SetFailure(ParseFailureKind failure, String failureMessageID, Object failureMessageFormatArgument, String failureArgumentName, Exception innerException)
   at System.Guid.TryParseGuid(String g, GuidStyles flags, GuidResult&amp; result)
   at System.Guid..ctor(String g)
   at site.Models.Admin.GroupsModel..ctor(MxUser user, String groupId, String groupName, Boolean adding) in C:\Users\David\Documents\Visual Studio 2010\Projects\WebManex\site\site\Models\Admin\GroupsModel.cs:line 52
   at site.Tests.GroupsModelTest.GroupsModelConstructorTest() in C:\Users\David\Documents\Visual Studio 2010\Projects\WebManex\site\site.Tests\GroupsModelTest.cs:line 82
</StackTrace>
        </ErrorInfo>
      </Output>
    </UnitTestResult>
    <UnitTestResult executionId="3fbb0a4e-31da-45f2-9fa0-ca41d5e5402f" testId="75e4b201-38e3-d776-f343-97acd5cceac3" testName="Index" computerName="SHARPERTWO" duration="00:00:00.0615223" startTime="2011-12-23T09:42:50.6346990-07:00" endTime="2011-12-23T09:42:50.7027029-07:00" testType="13cdc9d9-ddb5-4fa4-a97d-d965ccfc6d4b" outcome="Passed" testListId="8c84fa94-04c1-424b-9868-57a2d4851a1d" relativeResultsDirectory="3fbb0a4e-31da-45f2-9fa0-ca41d5e5402f">
    </UnitTestResult>
    <UnitTestResult executionId="5ac9b893-88bb-47ab-b157-092a34742c17" testId="bd58a03e-d8a3-a13e-88c7-1d62e5098818" testName="About" computerName="SHARPERTWO" duration="00:00:00.0001178" startTime="2011-12-23T09:42:50.7067032-07:00" endTime="2011-12-23T09:42:50.7097033-07:00" testType="13cdc9d9-ddb5-4fa4-a97d-d965ccfc6d4b" outcome="Passed" testListId="8c84fa94-04c1-424b-9868-57a2d4851a1d" relativeResultsDirectory="5ac9b893-88bb-47ab-b157-092a34742c17">
    </UnitTestResult>
  </Results>
</TestRun>